# JRE version: Java(TM) SE Runtime Environment (8.0_74-b02) (build 1.8.0_74-b02)
# Java VM: Java HotSpot(TM) 64-Bit Server VM (25.74-b02 mixed mode linux-amd64 compressed oops)
Heap:
 PSYoungGen      total 133632K, used 101887K [0x00000000f0000000, 0x00000000f9e00000, 0x0000000100000000)
  eden space 113664K, 76% used [0x00000000f0000000,0x00000000f5549f90,0x00000000f6f00000)
  from space 19968K, 72% used [0x00000000f6f00000,0x00000000f7d35d48,0x00000000f8280000)
  to   space 19456K, 0% used [0x00000000f8b00000,0x00000000f8b00000,0x00000000f9e00000)
 ParOldGen       total 191488K, used 167796K [0x00000000d0000000, 0x00000000dbb00000, 0x00000000f0000000)
  object space 191488K, 87% used [0x00000000d0000000,0x00000000da3dd3c0,0x00000000dbb00000)
 Metaspace       used 90435K, capacity 96840K, committed 97024K, reserved 1134592K
  class space    used 9877K, capacity 11479K, committed 11520K, reserved 1048576K
GC Heap History (10 events):
Event: 4035.742 GC heap before
{Heap before GC invocations=104 (full 5):
 PSYoungGen      total 122880K, used 116423K [0x00000000f0000000, 0x00000000f8d80000, 0x0000000100000000)
  eden space 100864K, 100% used [0x00000000f0000000,0x00000000f6280000,0x00000000f6280000)
  from space 22016K, 70% used [0x00000000f7780000,0x00000000f86b1f20,0x00000000f8d00000)
  to   space 21504K, 0% used [0x00000000f6280000,0x00000000f6280000,0x00000000f7780000)
 ParOldGen       total 191488K, used 164368K [0x00000000d0000000, 0x00000000dbb00000, 0x00000000f0000000)
  object space 191488K, 85% used [0x00000000d0000000,0x00000000da084100,0x00000000dbb00000)
 Metaspace       used 89474K, capacity 95586K, committed 95616K, reserved 1134592K
  class space    used 9804K, capacity 11366K, committed 11392K, reserved 1048576K
Event: 4035.783 GC heap after
Heap after GC invocations=104 (full 5):
 PSYoungGen      total 122368K, used 14970K [0x00000000f0000000, 0x00000000f9200000, 0x0000000100000000)
  eden space 100864K, 0% used [0x00000000f0000000,0x00000000f0000000,0x00000000f6280000)
  from space 21504K, 69% used [0x00000000f6280000,0x00000000f711eab0,0x00000000f7780000)
  to   space 20992K, 0% used [0x00000000f7d80000,0x00000000f7d80000,0x00000000f9200000)
 ParOldGen       total 191488K, used 165504K [0x00000000d0000000, 0x00000000dbb00000, 0x00000000f0000000)
  object space 191488K, 86% used [0x00000000d0000000,0x00000000da1a0100,0x00000000dbb00000)
 Metaspace       used 89474K, capacity 95586K, committed 95616K, reserved 1134592K
  class space    used 9804K, capacity 11366K, committed 11392K, reserved 1048576K
}
Event: 4036.467 GC heap before
{Heap before GC invocations=105 (full 5):
 PSYoungGen      total 122368K, used 115834K [0x00000000f0000000, 0x00000000f9200000, 0x0000000100000000)
  eden space 100864K, 100% used [0x00000000f0000000,0x00000000f6280000,0x00000000f6280000)
  from space 21504K, 69% used [0x00000000f6280000,0x00000000f711eab0,0x00000000f7780000)
  to   space 20992K, 0% used [0x00000000f7d80000,0x00000000f7d80000,0x00000000f9200000)
 ParOldGen       total 191488K, used 165504K [0x00000000d0000000, 0x00000000dbb00000, 0x00000000f0000000)
  object space 191488K, 86% used [0x00000000d0000000,0x00000000da1a0100,0x00000000dbb00000)
 Metaspace       used 89831K, capacity 96022K, committed 96256K, reserved 1134592K
  class space    used 9831K, capacity 11397K, committed 11520K, reserved 1048576K
Event: 4036.484 GC heap after
Heap after GC invocations=105 (full 5):
 PSYoungGen      total 128512K, used 14775K [0x00000000f0000000, 0x00000000f9180000, 0x0000000100000000)
  eden space 108032K, 0% used [0x00000000f0000000,0x00000000f0000000,0x00000000f6980000)
  from space 20480K, 72% used [0x00000000f7d80000,0x00000000f8beddb0,0x00000000f9180000)
  to   space 20480K, 0% used [0x00000000f6980000,0x00000000f6980000,0x00000000f7d80000)
 ParOldGen       total 191488K, used 165936K [0x00000000d0000000, 0x00000000dbb00000, 0x00000000f0000000)
  object space 191488K, 86% used [0x00000000d0000000,0x00000000da20c100,0x00000000dbb00000)
 Metaspace       used 89831K, capacity 96022K, committed 96256K, reserved 1134592K
  class space    used 9831K, capacity 11397K, committed 11520K, reserved 1048576K
}
Event: 4046.154 GC heap before
{Heap before GC invocations=106 (full 5):
 PSYoungGen      total 128512K, used 122807K [0x00000000f0000000, 0x00000000f9180000, 0x0000000100000000)
  eden space 108032K, 100% used [0x00000000f0000000,0x00000000f6980000,0x00000000f6980000)
  from space 20480K, 72% used [0x00000000f7d80000,0x00000000f8beddb0,0x00000000f9180000)
  to   space 20480K, 0% used [0x00000000f6980000,0x00000000f6980000,0x00000000f7d80000)
 ParOldGen       total 191488K, used 165936K [0x00000000d0000000, 0x00000000dbb00000, 0x00000000f0000000)
  object space 191488K, 86% used [0x00000000d0000000,0x00000000da20c100,0x00000000dbb00000)
 Metaspace       used 89942K, capacity 96098K, committed 96256K, reserved 1134592K
  class space    used 9835K, capacity 11399K, committed 11520K, reserved 1048576K
Event: 4046.170 GC heap after
Heap after GC invocations=106 (full 5):
 PSYoungGen      total 128512K, used 15443K [0x00000000f0000000, 0x00000000f9680000, 0x0000000100000000)
  eden space 108032K, 0% used [0x00000000f0000000,0x00000000f0000000,0x00000000f6980000)
  from space 20480K, 75% used [0x00000000f6980000,0x00000000f7894df8,0x00000000f7d80000)
  to   space 19968K, 0% used [0x00000000f8300000,0x00000000f8300000,0x00000000f9680000)
 ParOldGen       total 191488K, used 167036K [0x00000000d0000000, 0x00000000dbb00000, 0x00000000f0000000)
  object space 191488K, 87% used [0x00000000d0000000,0x00000000da31f3c0,0x00000000dbb00000)
 Metaspace       used 89942K, capacity 96098K, committed 96256K, reserved 1134592K
  class space    used 9835K, capacity 11399K, committed 11520K, reserved 1048576K
}
Event: 4051.679 GC heap before
{Heap before GC invocations=107 (full 5):
 PSYoungGen      total 128512K, used 123475K [0x00000000f0000000, 0x00000000f9680000, 0x0000000100000000)
  eden space 108032K, 100% used [0x00000000f0000000,0x00000000f6980000,0x00000000f6980000)
  from space 20480K, 75% used [0x00000000f6980000,0x00000000f7894df8,0x00000000f7d80000)
  to   space 19968K, 0% used [0x00000000f8300000,0x00000000f8300000,0x00000000f9680000)
 ParOldGen       total 191488K, used 167036K [0x00000000d0000000, 0x00000000dbb00000, 0x00000000f0000000)
  object space 191488K, 87% used [0x00000000d0000000,0x00000000da31f3c0,0x00000000dbb00000)
 Metaspace       used 90131K, capacity 96434K, committed 96512K, reserved 1134592K
  class space    used 9851K, capacity 11451K, committed 11520K, reserved 1048576K
Event: 4051.708 GC heap after
Heap after GC invocations=107 (full 5):
 PSYoungGen      total 133120K, used 14400K [0x00000000f0000000, 0x00000000f9600000, 0x0000000100000000)
  eden space 113664K, 0% used [0x00000000f0000000,0x00000000f0000000,0x00000000f6f00000)
  from space 19456K, 74% used [0x00000000f8300000,0x00000000f91102e8,0x00000000f9600000)
  to   space 19968K, 0% used [0x00000000f6f00000,0x00000000f6f00000,0x00000000f8280000)
 ParOldGen       total 191488K, used 167436K [0x00000000d0000000, 0x00000000dbb00000, 0x00000000f0000000)
  object space 191488K, 87% used [0x00000000d0000000,0x00000000da3833c0,0x00000000dbb00000)
 Metaspace       used 90131K, capacity 96434K, committed 96512K, reserved 1134592K
  class space    used 9851K, capacity 11451K, committed 11520K, reserved 1048576K
}
Event: 4052.039 GC heap before
{Heap before GC invocations=108 (full 5):
 PSYoungGen      total 133120K, used 128064K [0x00000000f0000000, 0x00000000f9600000, 0x0000000100000000)
  eden space 113664K, 100% used [0x00000000f0000000,0x00000000f6f00000,0x00000000f6f00000)
  from space 19456K, 74% used [0x00000000f8300000,0x00000000f91102e8,0x00000000f9600000)
  to   space 19968K, 0% used [0x00000000f6f00000,0x00000000f6f00000,0x00000000f8280000)
 ParOldGen       total 191488K, used 167436K [0x00000000d0000000, 0x00000000dbb00000, 0x00000000f0000000)
  object space 191488K, 87% used [0x00000000d0000000,0x00000000da3833c0,0x00000000dbb00000)
 Metaspace       used 90219K, capacity 96566K, committed 96768K, reserved 1134592K
  class space    used 9864K, capacity 11474K, committed 11520K, reserved 1048576K
Event: 4052.065 GC heap after
Heap after GC invocations=108 (full 5):
 PSYoungGen      total 133632K, used 14551K [0x00000000f0000000, 0x00000000f9e00000, 0x0000000100000000)
  eden space 113664K, 0% used [0x00000000f0000000,0x00000000f0000000,0x00000000f6f00000)
  from space 19968K, 72% used [0x00000000f6f00000,0x00000000f7d35d48,0x00000000f8280000)
  to   space 19456K, 0% used [0x00000000f8b00000,0x00000000f8b00000,0x00000000f9e00000)
 ParOldGen       total 191488K, used 167796K [0x00000000d0000000, 0x00000000dbb00000, 0x00000000f0000000)
  object space 191488K, 87% used [0x00000000d0000000,0x00000000da3dd3c0,0x00000000dbb00000)
 Metaspace       used 90219K, capacity 96566K, committed 96768K, reserved 1134592K
  class space    used 9864K, capacity 11474K, committed 11520K, reserved 1048576K
}

